2016-08-05 16:59:18.182  INFO 900 --- [main] com.chortitzer.web.Application           : Starting Application v2.0 on IND-CHLP-3127 with PID 900 (C:\Users\adriang\Documents\NetBeansProjects\indsys-spboot_jar\release\indsys-spboot_jar-2.0.jar started by adriang in C:\Users\adriang\Documents\NetBeansProjects\indsys-spboot_jar\release)
2016-08-05 16:59:18.194  INFO 900 --- [main] com.chortitzer.web.Application           : No active profile set, falling back to default profiles: default
2016-08-05 16:59:18.342  INFO 900 --- [main] ationConfigEmbeddedWebApplicationContext : Refreshing org.springframework.boot.context.embedded.AnnotationConfigEmbeddedWebApplicationContext@16e9adb: startup date [Fri Aug 05 16:59:18 PYT 2016]; root of context hierarchy
2016-08-05 16:59:23.881  INFO 900 --- [main] f.a.AutowiredAnnotationBeanPostProcessor : JSR-330 'javax.inject.Inject' annotation found and supported for autowiring
2016-08-05 16:59:24.194  INFO 900 --- [main] trationDelegate$BeanPostProcessorChecker : Bean 'org.springframework.transaction.annotation.ProxyTransactionManagementConfiguration' of type [class org.springframework.transaction.annotation.ProxyTransactionManagementConfiguration$$EnhancerBySpringCGLIB$$69f7a514] is not eligible for getting processed by all BeanPostProcessors (for example: not eligible for auto-proxying)
2016-08-05 16:59:25.670  INFO 900 --- [main] s.b.c.e.t.TomcatEmbeddedServletContainer : Tomcat initialized with port(s): 8090 (http)
2016-08-05 16:59:25.697  INFO 900 --- [main] o.apache.catalina.core.StandardService   : Starting service Tomcat
2016-08-05 16:59:25.700  INFO 900 --- [main] org.apache.catalina.core.StandardEngine  : Starting Servlet Engine: Apache Tomcat/8.5.4
2016-08-05 16:59:34.703  INFO 900 --- [localhost-startStop-1] org.apache.jasper.servlet.TldScanner     : At least one JAR was scanned for TLDs yet contained no TLDs. Enable debug logging for this logger for a complete list of JARs that were scanned but no TLDs were found in them. Skipping unneeded JARs during scanning can improve startup time and JSP compilation time.
2016-08-05 16:59:34.837  INFO 900 --- [localhost-startStop-1] o.a.c.c.C.[Tomcat].[localhost].[/]       : Initializing Spring embedded WebApplicationContext
2016-08-05 16:59:34.837  INFO 900 --- [localhost-startStop-1] o.s.web.context.ContextLoader            : Root WebApplicationContext: initialization completed in 16499 ms
2016-08-05 16:59:35.588  INFO 900 --- [localhost-startStop-1] o.s.b.w.servlet.FilterRegistrationBean   : Mapping filter: 'metricFilter' to: [/*]
2016-08-05 16:59:35.588  INFO 900 --- [localhost-startStop-1] o.s.b.w.servlet.FilterRegistrationBean   : Mapping filter: 'characterEncodingFilter' to: [/*]
2016-08-05 16:59:35.588  INFO 900 --- [localhost-startStop-1] o.s.b.w.servlet.FilterRegistrationBean   : Mapping filter: 'hiddenHttpMethodFilter' to: [/*]
2016-08-05 16:59:35.589  INFO 900 --- [localhost-startStop-1] o.s.b.w.servlet.FilterRegistrationBean   : Mapping filter: 'httpPutFormContentFilter' to: [/*]
2016-08-05 16:59:35.589  INFO 900 --- [localhost-startStop-1] o.s.b.w.servlet.FilterRegistrationBean   : Mapping filter: 'requestContextFilter' to: [/*]
2016-08-05 16:59:35.592  INFO 900 --- [localhost-startStop-1] .s.DelegatingFilterProxyRegistrationBean : Mapping filter: 'springSecurityFilterChain' to: [/*]
2016-08-05 16:59:35.593  INFO 900 --- [localhost-startStop-1] o.s.b.w.servlet.FilterRegistrationBean   : Mapping filter: 'webRequestLoggingFilter' to: [/*]
2016-08-05 16:59:35.593  INFO 900 --- [localhost-startStop-1] o.s.b.w.servlet.FilterRegistrationBean   : Mapping filter: 'applicationContextIdFilter' to: [/*]
2016-08-05 16:59:35.593  INFO 900 --- [localhost-startStop-1] o.s.b.w.servlet.ServletRegistrationBean  : Mapping servlet: 'FacesServlet' to [*.xhtml]
2016-08-05 16:59:35.595  INFO 900 --- [localhost-startStop-1] o.s.b.w.servlet.ServletRegistrationBean  : Mapping servlet: 'dispatcherServlet' to [/]
2016-08-05 16:59:35.738  INFO 900 --- [localhost-startStop-1] j.e.resource.webcontainer.jsf.config     : Inicializando Mojarra 2.2.13 ( 20160203-1910 unable to get svn info) para el contexto ''
2016-08-05 16:59:46.091  INFO 900 --- [localhost-startStop-1] j.e.r.webcontainer.jsf.application       : JSF1048: hay presentes anotaciones PostConstruct/PreDestroy.  Los métodos de beans administrados marcados con estas anotaciones procesarán dichas anotaciones.
2016-08-05 16:59:57.801 ERROR 900 --- [localhost-startStop-1] j.e.resource.webcontainer.jsf.config     : Unable to instantiate ExpressionFactory 'com.sun.el.ExpressionFactoryImpl'
2016-08-05 16:59:57.825 ERROR 900 --- [localhost-startStop-1] j.e.resource.webcontainer.jsf.config     : Critical error during deployment: 

com.sun.faces.config.ConfigurationException: Parece que la versión JSP del contenedor es más antigua que la 2.1 y no se puede ubicar la fábrica de expresiones EL RI, com.sun.el.ExpressionFactoryImpl.  Si no utiliza JSP o EL RI, asegúrese de que el parámetro de inicialización de contexto, com.sun.faces.expressionFactory, esté definido correctamente.
	at com.sun.faces.config.ConfigureListener.registerELResolverAndListenerWithJsp(ConfigureListener.java:694) ~[jsf-impl-2.2.13.jar!/:2.2.13]
	at com.sun.faces.config.ConfigureListener.contextInitialized(ConfigureListener.java:243) ~[jsf-impl-2.2.13.jar!/:2.2.13]
	at org.apache.catalina.core.StandardContext.listenerStart(StandardContext.java:4714) [tomcat-embed-core-8.5.4.jar!/:8.5.4]
	at org.apache.catalina.core.StandardContext.startInternal(StandardContext.java:5178) [tomcat-embed-core-8.5.4.jar!/:8.5.4]
	at org.apache.catalina.util.LifecycleBase.start(LifecycleBase.java:152) [tomcat-embed-core-8.5.4.jar!/:8.5.4]
	at org.apache.catalina.core.ContainerBase$StartChild.call(ContainerBase.java:1403) [tomcat-embed-core-8.5.4.jar!/:8.5.4]
	at org.apache.catalina.core.ContainerBase$StartChild.call(ContainerBase.java:1393) [tomcat-embed-core-8.5.4.jar!/:8.5.4]
	at java.util.concurrent.FutureTask.run(Unknown Source) [na:1.8.0_91]
	at java.util.concurrent.ThreadPoolExecutor.runWorker(Unknown Source) [na:1.8.0_91]
	at java.util.concurrent.ThreadPoolExecutor$Worker.run(Unknown Source) [na:1.8.0_91]
	at java.lang.Thread.run(Unknown Source) [na:1.8.0_91]

2016-08-05 16:59:57.827 ERROR 900 --- [localhost-startStop-1] o.a.c.c.C.[Tomcat].[localhost].[/]       : Exception sending context initialized event to listener instance of class com.sun.faces.config.ConfigureListener

java.lang.RuntimeException: com.sun.faces.config.ConfigurationException: Parece que la versión JSP del contenedor es más antigua que la 2.1 y no se puede ubicar la fábrica de expresiones EL RI, com.sun.el.ExpressionFactoryImpl.  Si no utiliza JSP o EL RI, asegúrese de que el parámetro de inicialización de contexto, com.sun.faces.expressionFactory, esté definido correctamente.
	at com.sun.faces.config.ConfigureListener.contextInitialized(ConfigureListener.java:292) ~[jsf-impl-2.2.13.jar!/:2.2.13]
	at org.apache.catalina.core.StandardContext.listenerStart(StandardContext.java:4714) [tomcat-embed-core-8.5.4.jar!/:8.5.4]
	at org.apache.catalina.core.StandardContext.startInternal(StandardContext.java:5178) [tomcat-embed-core-8.5.4.jar!/:8.5.4]
	at org.apache.catalina.util.LifecycleBase.start(LifecycleBase.java:152) [tomcat-embed-core-8.5.4.jar!/:8.5.4]
	at org.apache.catalina.core.ContainerBase$StartChild.call(ContainerBase.java:1403) [tomcat-embed-core-8.5.4.jar!/:8.5.4]
	at org.apache.catalina.core.ContainerBase$StartChild.call(ContainerBase.java:1393) [tomcat-embed-core-8.5.4.jar!/:8.5.4]
	at java.util.concurrent.FutureTask.run(Unknown Source) [na:1.8.0_91]
	at java.util.concurrent.ThreadPoolExecutor.runWorker(Unknown Source) [na:1.8.0_91]
	at java.util.concurrent.ThreadPoolExecutor$Worker.run(Unknown Source) [na:1.8.0_91]
	at java.lang.Thread.run(Unknown Source) [na:1.8.0_91]
Caused by: com.sun.faces.config.ConfigurationException: Parece que la versión JSP del contenedor es más antigua que la 2.1 y no se puede ubicar la fábrica de expresiones EL RI, com.sun.el.ExpressionFactoryImpl.  Si no utiliza JSP o EL RI, asegúrese de que el parámetro de inicialización de contexto, com.sun.faces.expressionFactory, esté definido correctamente.
	at com.sun.faces.config.ConfigureListener.registerELResolverAndListenerWithJsp(ConfigureListener.java:694) ~[jsf-impl-2.2.13.jar!/:2.2.13]
	at com.sun.faces.config.ConfigureListener.contextInitialized(ConfigureListener.java:243) ~[jsf-impl-2.2.13.jar!/:2.2.13]
	... 9 common frames omitted

2016-08-05 16:59:57.828 ERROR 900 --- [localhost-startStop-1] o.apache.catalina.core.StandardContext   : One or more listeners failed to start. Full details will be found in the appropriate container log file
2016-08-05 16:59:57.830 ERROR 900 --- [localhost-startStop-1] o.apache.catalina.core.StandardContext   : Context [] startup failed due to previous errors
2016-08-05 16:59:57.864  INFO 900 --- [localhost-startStop-1] j.e.resource.webcontainer.jsf.lifecycle  : JSF1027: [null] los ELResolvers para JSF no se han registrado con el contenedor JSP.
2016-08-05 16:59:57.868 ERROR 900 --- [localhost-startStop-1] j.e.resource.webcontainer.jsf.config     : Unexpected exception when attempting to tear down the Mojarra runtime

javax.el.ELException: Provider com.sun.el.ExpressionFactoryImpl not found
	at javax.el.FactoryFinder.newInstance(FactoryFinder.java:101) ~[javax.el-api-3.0.0.jar!/:3.0.0]
	at javax.el.FactoryFinder.find(FactoryFinder.java:197) ~[javax.el-api-3.0.0.jar!/:3.0.0]
	at javax.el.ExpressionFactory.newInstance(ExpressionFactory.java:197) ~[javax.el-api-3.0.0.jar!/:3.0.0]
	at javax.el.ExpressionFactory.newInstance(ExpressionFactory.java:168) ~[javax.el-api-3.0.0.jar!/:3.0.0]
	at org.apache.jasper.runtime.JspApplicationContextImpl.<init>(JspApplicationContextImpl.java:46) ~[tomcat-embed-jasper-8.5.4.jar!/:8.5.4]
	at org.apache.jasper.runtime.JspApplicationContextImpl.getInstance(JspApplicationContextImpl.java:76) ~[tomcat-embed-jasper-8.5.4.jar!/:8.5.4]
	at org.apache.jasper.runtime.JspFactoryImpl.getJspApplicationContext(JspFactoryImpl.java:217) ~[tomcat-embed-jasper-8.5.4.jar!/:8.5.4]
	at com.sun.faces.el.ELUtils.getDefaultExpressionFactory(ELUtils.java:880) ~[jsf-impl-2.2.13.jar!/:2.2.13]
	at com.sun.faces.el.ELUtils.getDefaultExpressionFactory(ELUtils.java:855) ~[jsf-impl-2.2.13.jar!/:2.2.13]
	at com.sun.faces.config.ConfigureListener.contextDestroyed(ConfigureListener.java:345) ~[jsf-impl-2.2.13.jar!/:2.2.13]
	at org.apache.catalina.core.StandardContext.listenerStop(StandardContext.java:4761) [tomcat-embed-core-8.5.4.jar!/:8.5.4]
	at org.apache.catalina.core.StandardContext.stopInternal(StandardContext.java:5400) [tomcat-embed-core-8.5.4.jar!/:8.5.4]
	at org.apache.catalina.util.LifecycleBase.stop(LifecycleBase.java:229) [tomcat-embed-core-8.5.4.jar!/:8.5.4]
	at org.apache.catalina.util.LifecycleBase.start(LifecycleBase.java:164) [tomcat-embed-core-8.5.4.jar!/:8.5.4]
	at org.apache.catalina.core.ContainerBase$StartChild.call(ContainerBase.java:1403) [tomcat-embed-core-8.5.4.jar!/:8.5.4]
	at org.apache.catalina.core.ContainerBase$StartChild.call(ContainerBase.java:1393) [tomcat-embed-core-8.5.4.jar!/:8.5.4]
	at java.util.concurrent.FutureTask.run(Unknown Source) [na:1.8.0_91]
	at java.util.concurrent.ThreadPoolExecutor.runWorker(Unknown Source) [na:1.8.0_91]
	at java.util.concurrent.ThreadPoolExecutor$Worker.run(Unknown Source) [na:1.8.0_91]
	at java.lang.Thread.run(Unknown Source) [na:1.8.0_91]
Caused by: java.lang.ClassNotFoundException: com.sun.el.ExpressionFactoryImpl
	at org.springframework.boot.context.embedded.tomcat.TomcatEmbeddedWebappClassLoader.loadClass(TomcatEmbeddedWebappClassLoader.java:74) ~[spring-boot-1.4.0.RELEASE.jar!/:1.4.0.RELEASE]
	at org.apache.catalina.loader.WebappClassLoaderBase.loadClass(WebappClassLoaderBase.java:1118) ~[tomcat-embed-core-8.5.4.jar!/:8.5.4]
	at javax.el.FactoryFinder.newInstance(FactoryFinder.java:87) ~[javax.el-api-3.0.0.jar!/:3.0.0]
	... 19 common frames omitted

2016-08-05 17:00:01.127  WARN 900 --- [localhost-startStop-1] o.a.c.loader.WebappClassLoaderBase       : The web application [ROOT] appears to have started a thread named [Abandoned connection cleanup thread] but has failed to stop it. This is very likely to create a memory leak. Stack trace of thread:
 java.lang.Object.wait(Native Method)
 java.lang.ref.ReferenceQueue.remove(Unknown Source)
 com.mysql.jdbc.AbandonedConnectionCleanupThread.run(AbandonedConnectionCleanupThread.java:43)
2016-08-05 17:00:01.734  INFO 900 --- [main] j.LocalContainerEntityManagerFactoryBean : Building JPA container EntityManagerFactory for persistence unit 'PU_admin'
2016-08-05 17:00:01.769  INFO 900 --- [main] o.hibernate.jpa.internal.util.LogHelper  : HHH000204: Processing PersistenceUnitInfo [
	name: PU_admin
	...]
2016-08-05 17:00:01.989  INFO 900 --- [main] org.hibernate.Version                    : HHH000412: Hibernate Core {5.0.9.Final}
2016-08-05 17:00:01.994  INFO 900 --- [main] org.hibernate.cfg.Environment            : HHH000206: hibernate.properties not found
2016-08-05 17:00:01.997  INFO 900 --- [main] org.hibernate.cfg.Environment            : HHH000021: Bytecode provider name : javassist
2016-08-05 17:00:02.027  INFO 900 --- [main] o.h.spatial.integration.SpatialService   : HHH80000001: hibernate-spatial integration enabled : true
2016-08-05 17:00:02.133  INFO 900 --- [main] o.hibernate.annotations.common.Version   : HCANN000001: Hibernate Commons Annotations {5.0.1.Final}
2016-08-05 17:00:02.931  INFO 900 --- [main] org.hibernate.dialect.Dialect            : HHH000400: Using dialect: org.hibernate.dialect.PostgreSQLDialect
2016-08-05 17:00:03.705  INFO 900 --- [main] o.h.e.j.e.i.LobCreatorBuilderImpl        : HHH000424: Disabling contextual LOB creation as createClob() method threw error : java.lang.reflect.InvocationTargetException
2016-08-05 17:00:03.708  INFO 900 --- [main] org.hibernate.type.BasicTypeRegistry     : HHH000270: Type registration [java.util.UUID] overrides previous : org.hibernate.type.UUIDBinaryType@fa0ba8
2016-08-05 17:00:04.811  INFO 900 --- [main] org.hibernate.tool.hbm2ddl.SchemaUpdate  : HHH000228: Running hbm2ddl schema update
2016-08-05 17:00:05.016  INFO 900 --- [main] o.h.h.i.QueryTranslatorFactoryInitiator  : HHH000397: Using ASTQueryTranslatorFactory
2016-08-05 17:00:05.347  INFO 900 --- [main] j.LocalContainerEntityManagerFactoryBean : Initialized JPA EntityManagerFactory for persistence unit 'PU_admin'
2016-08-05 17:00:05.391  INFO 900 --- [main] j.LocalContainerEntityManagerFactoryBean : Building JPA container EntityManagerFactory for persistence unit 'PU_bas'
2016-08-05 17:00:05.391  INFO 900 --- [main] o.hibernate.jpa.internal.util.LogHelper  : HHH000204: Processing PersistenceUnitInfo [
	name: PU_bas
	...]
2016-08-05 17:00:05.402  INFO 900 --- [main] o.h.spatial.integration.SpatialService   : HHH80000001: hibernate-spatial integration enabled : true
2016-08-05 17:00:23.981  INFO 900 --- [main] org.hibernate.dialect.Dialect            : HHH000400: Using dialect: org.hibernate.dialect.PostgreSQLDialect
2016-08-05 17:00:24.998  INFO 900 --- [main] o.h.e.j.e.i.LobCreatorBuilderImpl        : HHH000424: Disabling contextual LOB creation as createClob() method threw error : java.lang.reflect.InvocationTargetException
2016-08-05 17:00:24.999  INFO 900 --- [main] org.hibernate.type.BasicTypeRegistry     : HHH000270: Type registration [java.util.UUID] overrides previous : org.hibernate.type.UUIDBinaryType@fa0ba8
2016-08-05 17:00:25.282  INFO 900 --- [main] org.hibernate.tool.hbm2ddl.SchemaUpdate  : HHH000228: Running hbm2ddl schema update
2016-08-05 17:00:26.293  INFO 900 --- [main] o.h.h.i.QueryTranslatorFactoryInitiator  : HHH000397: Using ASTQueryTranslatorFactory
2016-08-05 17:00:26.591  INFO 900 --- [main] j.LocalContainerEntityManagerFactoryBean : Initialized JPA EntityManagerFactory for persistence unit 'PU_bas'
2016-08-05 17:00:26.620  INFO 900 --- [main] j.LocalContainerEntityManagerFactoryBean : Building JPA container EntityManagerFactory for persistence unit 'PU_fps'
2016-08-05 17:00:26.621  INFO 900 --- [main] o.hibernate.jpa.internal.util.LogHelper  : HHH000204: Processing PersistenceUnitInfo [
	name: PU_fps
	...]
2016-08-05 17:00:26.639  INFO 900 --- [main] o.h.spatial.integration.SpatialService   : HHH80000001: hibernate-spatial integration enabled : true
2016-08-05 17:00:26.934  INFO 900 --- [main] org.hibernate.dialect.Dialect            : HHH000400: Using dialect: org.hibernate.dialect.PostgreSQLDialect
2016-08-05 17:00:27.550  INFO 900 --- [main] o.h.e.j.e.i.LobCreatorBuilderImpl        : HHH000424: Disabling contextual LOB creation as createClob() method threw error : java.lang.reflect.InvocationTargetException
2016-08-05 17:00:27.551  INFO 900 --- [main] org.hibernate.type.BasicTypeRegistry     : HHH000270: Type registration [java.util.UUID] overrides previous : org.hibernate.type.UUIDBinaryType@fa0ba8
2016-08-05 17:00:27.643  INFO 900 --- [main] org.hibernate.tool.hbm2ddl.SchemaUpdate  : HHH000228: Running hbm2ddl schema update
2016-08-05 17:00:28.034  INFO 900 --- [main] o.h.h.i.QueryTranslatorFactoryInitiator  : HHH000397: Using ASTQueryTranslatorFactory
2016-08-05 17:00:28.120  INFO 900 --- [main] j.LocalContainerEntityManagerFactoryBean : Initialized JPA EntityManagerFactory for persistence unit 'PU_fps'
2016-08-05 17:00:28.147  INFO 900 --- [main] j.LocalContainerEntityManagerFactoryBean : Building JPA container EntityManagerFactory for persistence unit 'PU_usi'
2016-08-05 17:00:28.148  INFO 900 --- [main] o.hibernate.jpa.internal.util.LogHelper  : HHH000204: Processing PersistenceUnitInfo [
	name: PU_usi
	...]
2016-08-05 17:00:28.158  INFO 900 --- [main] o.h.spatial.integration.SpatialService   : HHH80000001: hibernate-spatial integration enabled : true
2016-08-05 17:00:28.464  INFO 900 --- [main] org.hibernate.dialect.Dialect            : HHH000400: Using dialect: org.hibernate.dialect.PostgreSQLDialect
2016-08-05 17:00:29.459  INFO 900 --- [main] o.h.e.j.e.i.LobCreatorBuilderImpl        : HHH000424: Disabling contextual LOB creation as createClob() method threw error : java.lang.reflect.InvocationTargetException
2016-08-05 17:00:29.460  INFO 900 --- [main] org.hibernate.type.BasicTypeRegistry     : HHH000270: Type registration [java.util.UUID] overrides previous : org.hibernate.type.UUIDBinaryType@fa0ba8
2016-08-05 17:00:29.550  INFO 900 --- [main] org.hibernate.tool.hbm2ddl.SchemaUpdate  : HHH000228: Running hbm2ddl schema update
2016-08-05 17:00:29.805  INFO 900 --- [main] o.h.h.i.QueryTranslatorFactoryInitiator  : HHH000397: Using ASTQueryTranslatorFactory
2016-08-05 17:00:29.863  INFO 900 --- [main] j.LocalContainerEntityManagerFactoryBean : Initialized JPA EntityManagerFactory for persistence unit 'PU_usi'
2016-08-05 17:00:32.593  INFO 900 --- [main] o.s.s.web.DefaultSecurityFilterChain     : Creating filter chain: OrRequestMatcher [requestMatchers=[Ant [pattern='/css/**'], Ant [pattern='/js/**'], Ant [pattern='/images/**'], Ant [pattern='/webjars/**'], Ant [pattern='/**/favicon.ico'], Ant [pattern='/error']]], []
2016-08-05 17:00:32.839  INFO 900 --- [main] o.s.s.web.DefaultSecurityFilterChain     : Creating filter chain: org.springframework.security.web.util.matcher.AnyRequestMatcher@1, [org.springframework.security.web.context.request.async.WebAsyncManagerIntegrationFilter@1a4b3f9, org.springframework.security.web.context.SecurityContextPersistenceFilter@bb0072, org.springframework.security.web.header.HeaderWriterFilter@ec9c90, org.springframework.security.web.authentication.logout.LogoutFilter@1e79d43, org.springframework.security.web.authentication.UsernamePasswordAuthenticationFilter@8b4cb0, org.springframework.security.web.savedrequest.RequestCacheAwareFilter@7a12b6, org.springframework.security.web.servletapi.SecurityContextHolderAwareRequestFilter@f7e376, org.springframework.security.web.authentication.AnonymousAuthenticationFilter@1cbbd07, org.springframework.security.web.session.SessionManagementFilter@bbd0d9, org.springframework.security.web.access.ExceptionTranslationFilter@1c73fff, org.springframework.security.web.access.intercept.FilterSecurityInterceptor@1be997f]
2016-08-05 17:00:32.886  INFO 900 --- [main] o.s.s.web.DefaultSecurityFilterChain     : Creating filter chain: org.springframework.boot.actuate.autoconfigure.ManagementWebSecurityAutoConfiguration$LazyEndpointPathRequestMatcher@10bf683, [org.springframework.security.web.context.request.async.WebAsyncManagerIntegrationFilter@d322f5, org.springframework.security.web.context.SecurityContextPersistenceFilter@1157493, org.springframework.security.web.header.HeaderWriterFilter@bda593, org.springframework.security.web.authentication.logout.LogoutFilter@e3b45b, org.springframework.security.web.authentication.www.BasicAuthenticationFilter@10ed6b4, org.springframework.security.web.savedrequest.RequestCacheAwareFilter@c622a7, org.springframework.security.web.servletapi.SecurityContextHolderAwareRequestFilter@1348491, org.springframework.security.web.authentication.AnonymousAuthenticationFilter@1afeb6d, org.springframework.security.web.session.SessionManagementFilter@192c08c, org.springframework.security.web.access.ExceptionTranslationFilter@1a28d03, org.springframework.security.web.access.intercept.FilterSecurityInterceptor@13f156]
2016-08-05 17:00:33.206  INFO 900 --- [main] s.w.s.m.m.a.RequestMappingHandlerAdapter : Looking for @ControllerAdvice: org.springframework.boot.context.embedded.AnnotationConfigEmbeddedWebApplicationContext@16e9adb: startup date [Fri Aug 05 16:59:18 PYT 2016]; root of context hierarchy
2016-08-05 17:00:33.455  INFO 900 --- [main] s.w.s.m.m.a.RequestMappingHandlerMapping : Mapped "{[/error]}" onto public org.springframework.http.ResponseEntity<java.util.Map<java.lang.String, java.lang.Object>> org.springframework.boot.autoconfigure.web.BasicErrorController.error(javax.servlet.http.HttpServletRequest)
2016-08-05 17:00:33.458  INFO 900 --- [main] s.w.s.m.m.a.RequestMappingHandlerMapping : Mapped "{[/error],produces=[text/html]}" onto public org.springframework.web.servlet.ModelAndView org.springframework.boot.autoconfigure.web.BasicErrorController.errorHtml(javax.servlet.http.HttpServletRequest,javax.servlet.http.HttpServletResponse)
2016-08-05 17:00:33.544  INFO 900 --- [main] o.s.w.s.handler.SimpleUrlHandlerMapping  : Mapped URL path [/webjars/**] onto handler of type [class org.springframework.web.servlet.resource.ResourceHttpRequestHandler]
2016-08-05 17:00:33.544  INFO 900 --- [main] o.s.w.s.handler.SimpleUrlHandlerMapping  : Mapped URL path [/**] onto handler of type [class org.springframework.web.servlet.resource.ResourceHttpRequestHandler]
2016-08-05 17:00:33.661  INFO 900 --- [main] o.s.w.s.handler.SimpleUrlHandlerMapping  : Mapped URL path [/**/favicon.ico] onto handler of type [class org.springframework.web.servlet.resource.ResourceHttpRequestHandler]
2016-08-05 17:00:34.625  INFO 900 --- [main] o.s.b.a.e.mvc.EndpointHandlerMapping     : Mapped "{[/dump || /dump.json],methods=[GET],produces=[application/json]}" onto public java.lang.Object org.springframework.boot.actuate.endpoint.mvc.EndpointMvcAdapter.invoke()
2016-08-05 17:00:34.626  INFO 900 --- [main] o.s.b.a.e.mvc.EndpointHandlerMapping     : Mapped "{[/beans || /beans.json],methods=[GET],produces=[application/json]}" onto public java.lang.Object org.springframework.boot.actuate.endpoint.mvc.EndpointMvcAdapter.invoke()
2016-08-05 17:00:34.628  INFO 900 --- [main] o.s.b.a.e.mvc.EndpointHandlerMapping     : Mapped "{[/configprops || /configprops.json],methods=[GET],produces=[application/json]}" onto public java.lang.Object org.springframework.boot.actuate.endpoint.mvc.EndpointMvcAdapter.invoke()
2016-08-05 17:00:34.628  INFO 900 --- [main] o.s.b.a.e.mvc.EndpointHandlerMapping     : Mapped "{[/logfile || /logfile.json],methods=[GET || HEAD]}" onto public void org.springframework.boot.actuate.endpoint.mvc.LogFileMvcEndpoint.invoke(javax.servlet.http.HttpServletRequest,javax.servlet.http.HttpServletResponse) throws javax.servlet.ServletException,java.io.IOException
2016-08-05 17:00:34.630  INFO 900 --- [main] o.s.b.a.e.mvc.EndpointHandlerMapping     : Mapped "{[/metrics/{name:.*}],methods=[GET],produces=[application/json]}" onto public java.lang.Object org.springframework.boot.actuate.endpoint.mvc.MetricsMvcEndpoint.value(java.lang.String)
2016-08-05 17:00:34.630  INFO 900 --- [main] o.s.b.a.e.mvc.EndpointHandlerMapping     : Mapped "{[/metrics || /metrics.json],methods=[GET],produces=[application/json]}" onto public java.lang.Object org.springframework.boot.actuate.endpoint.mvc.EndpointMvcAdapter.invoke()
2016-08-05 17:00:34.631  INFO 900 --- [main] o.s.b.a.e.mvc.EndpointHandlerMapping     : Mapped "{[/mappings || /mappings.json],methods=[GET],produces=[application/json]}" onto public java.lang.Object org.springframework.boot.actuate.endpoint.mvc.EndpointMvcAdapter.invoke()
2016-08-05 17:00:34.632  INFO 900 --- [main] o.s.b.a.e.mvc.EndpointHandlerMapping     : Mapped "{[/heapdump || /heapdump.json],methods=[GET],produces=[application/octet-stream]}" onto public void org.springframework.boot.actuate.endpoint.mvc.HeapdumpMvcEndpoint.invoke(boolean,javax.servlet.http.HttpServletRequest,javax.servlet.http.HttpServletResponse) throws java.io.IOException,javax.servlet.ServletException
2016-08-05 17:00:34.633  INFO 900 --- [main] o.s.b.a.e.mvc.EndpointHandlerMapping     : Mapped "{[/info || /info.json],methods=[GET],produces=[application/json]}" onto public java.lang.Object org.springframework.boot.actuate.endpoint.mvc.EndpointMvcAdapter.invoke()
2016-08-05 17:00:34.637  INFO 900 --- [main] o.s.b.a.e.mvc.EndpointHandlerMapping     : Mapped "{[/env/{name:.*}],methods=[GET],produces=[application/json]}" onto public java.lang.Object org.springframework.boot.actuate.endpoint.mvc.EnvironmentMvcEndpoint.value(java.lang.String)
2016-08-05 17:00:34.638  INFO 900 --- [main] o.s.b.a.e.mvc.EndpointHandlerMapping     : Mapped "{[/env || /env.json],methods=[GET],produces=[application/json]}" onto public java.lang.Object org.springframework.boot.actuate.endpoint.mvc.EndpointMvcAdapter.invoke()
2016-08-05 17:00:34.638  INFO 900 --- [main] o.s.b.a.e.mvc.EndpointHandlerMapping     : Mapped "{[/health || /health.json],produces=[application/json]}" onto public java.lang.Object org.springframework.boot.actuate.endpoint.mvc.HealthMvcEndpoint.invoke(java.security.Principal)
2016-08-05 17:00:34.639  INFO 900 --- [main] o.s.b.a.e.mvc.EndpointHandlerMapping     : Mapped "{[/trace || /trace.json],methods=[GET],produces=[application/json]}" onto public java.lang.Object org.springframework.boot.actuate.endpoint.mvc.EndpointMvcAdapter.invoke()
2016-08-05 17:00:34.640  INFO 900 --- [main] o.s.b.a.e.mvc.EndpointHandlerMapping     : Mapped "{[/autoconfig || /autoconfig.json],methods=[GET],produces=[application/json]}" onto public java.lang.Object org.springframework.boot.actuate.endpoint.mvc.EndpointMvcAdapter.invoke()
2016-08-05 17:00:34.975  INFO 900 --- [main] o.s.j.e.a.AnnotationMBeanExporter        : Registering beans for JMX exposure on startup
2016-08-05 17:00:34.996  INFO 900 --- [main] o.s.c.support.DefaultLifecycleProcessor  : Starting beans in phase 0
2016-08-05 17:00:35.277  INFO 900 --- [main] s.b.c.e.t.TomcatEmbeddedServletContainer : Tomcat started on port(s): 8090 (http)
2016-08-05 17:00:35.285  INFO 900 --- [main] com.chortitzer.web.Application           : Started Application in 78.545 seconds (JVM running for 79.536)
